###############################################################################
#                                                                             #
# IAR ANSI C/C++ Compiler V6.40.1.53790/W32 for ARM     24/Feb/2014  19:26:50 #
# Copyright 1999-2012 IAR Systems AB.                                         #
#                                                                             #
#    Cpu mode     =  thumb                                                    #
#    Endian       =  little                                                   #
#    Source file  =  D:\stm32\BLDC PMSM2\EWARM\stm32f10x_vector.c             #
#    Command line =  "D:\stm32\BLDC PMSM2\EWARM\stm32f10x_vector.c" -D        #
#                    VECT_TAB_FLASH -lCN "D:\stm32\BLDC                       #
#                    PMSM2\EWARM\Debug\List\" --diag_error Pe068,Pe069 -o     #
#                    "D:\stm32\BLDC PMSM2\EWARM\Debug\Obj\" --debug           #
#                    --endian=little --cpu=Cortex-M3 --fpu=None               #
#                    --dlib_config "C:\Program Files\IAR Systems\Embedded     #
#                    Workbench 6.4\arm\INC\c\DLib_Config_Normal.h" -I         #
#                    "D:\stm32\BLDC PMSM2\EWARM\..\" -I "D:\stm32\BLDC        #
#                    PMSM2\EWARM\..\..\STM32F10XFWLIB\inc\" -I                #
#                    "D:\stm32\BLDC PMSM2\EWARM\..\inc\" -Oh                  #
#                    --use_c++_inline --require_prototypes                    #
#    List file    =  D:\stm32\BLDC PMSM2\EWARM\Debug\List\stm32f10x_vector.ls #
#                    t                                                        #
#    Object file  =  D:\stm32\BLDC PMSM2\EWARM\Debug\Obj\stm32f10x_vector.o   #
#                                                                             #
#                                                                             #
###############################################################################

D:\stm32\BLDC PMSM2\EWARM\stm32f10x_vector.c
      1          /******************** (C) COPYRIGHT 2008 STMicroelectronics ********************
      2          * File Name          : stm32f10x_vector.c
      3          * Author             : MCD Application Team
      4          * Version            : V2.0
      5          * Date               : 05/23/2008
      6          * Description        : STM32F10x vector table for EWARM5.x toolchain.
      7          *                      This module performs:
      8          *                      - Set the initial SP
      9          *                      - Set the initial PC == __iar_program_start,
     10          *                      - Set the vector table entries with the exceptions ISR address,
     11          *                      - Configure external SRAM mounted on STM3210E-EVAL board
     12          *                       to be used as data memory (optional, to be enabled by user)
     13          *                      After Reset the Cortex-M3 processor is in Thread mode,
     14          *                      priority is Privileged, and the Stack is set to Main.
     15          ********************************************************************************
     16          * THE PRESENT FIRMWARE WHICH IS FOR GUIDANCE ONLY AIMS AT PROVIDING CUSTOMERS
     17          * WITH CODING INFORMATION REGARDING THEIR PRODUCTS IN ORDER FOR THEM TO SAVE TIME.
     18          * AS A RESULT, STMICROELECTRONICS SHALL NOT BE HELD LIABLE FOR ANY DIRECT,
     19          * INDIRECT OR CONSEQUENTIAL DAMAGES WITH RESPECT TO ANY CLAIMS ARISING FROM THE
     20          * CONTENT OF SUCH SOFTWARE AND/OR THE USE MADE BY CUSTOMERS OF THE CODING
     21          * INFORMATION CONTAINED HEREIN IN CONNECTION WITH THEIR PRODUCTS.
     22          * FOR MORE INFORMATION PLEASE CAREFULLY READ THE LICENSE AGREEMENT FILE LOCATED 
     23          * IN THE ROOT DIRECTORY OF THIS FIRMWARE PACKAGE.
     24          *******************************************************************************/
     25          
     26          /* Includes ------------------------------------------------------------------*/
     27          #include "stm32f10x_lib.h"
     28          #include "stm32f10x_it.h"
     29          
     30          /* Private typedef -----------------------------------------------------------*/
     31          typedef void( *intfunc )( void );
     32          typedef union { intfunc __fun; void * __ptr; } intvec_elem;
     33          
     34          /* Private define ------------------------------------------------------------*/
     35          /* Uncomment the following line if you need to use external SRAM mounted on
     36             STM3210E-EVAL board as data memory */
     37          /* #define DATA_IN_ExtSRAM */
     38          
     39          /* Private macro -------------------------------------------------------------*/
     40          /* Private variables ---------------------------------------------------------*/
     41          /* Private function prototypes -----------------------------------------------*/
     42          /* Private functions ---------------------------------------------------------*/
     43          
     44          
     45          #pragma language=extended
     46          #pragma segment="CSTACK"
     47          
     48          void __iar_program_start( void );
     49          
     50          #pragma location = ".intvec"
     51          /* STM32F10x Vector Table entries */

   \                                 In section .intvec, align 4
     52          const intvec_elem __vector_table[] =
   \                     __vector_table:
   \   00000000   0x........         DC32 SFE(CSTACK), __iar_program_start, NMIException, HardFaultException
   \              0x........   
   \              0x........   
   \              0x........   
   \   00000010   0x........         DC32 MemManageException, BusFaultException, UsageFaultException, 0H, 0H
   \              0x........   
   \              0x........   
   \              0x00000000   
   \              0x00000000   
   \   00000024   0x00000000         DC32 0H, 0H, SVCHandler, DebugMonitor, 0H, PendSVC, SysTickHandler
   \              0x00000000   
   \              0x........   
   \              0x........   
   \              0x00000000   
   \              0x........   
   \              0x........   
   \   00000040   0x........         DC32 WWDG_IRQHandler, PVD_IRQHandler, TAMPER_IRQHandler, RTC_IRQHandler
   \              0x........   
   \              0x........   
   \              0x........   
   \   00000050   0x........         DC32 FLASH_IRQHandler, RCC_IRQHandler, EXTI0_IRQHandler
   \              0x........   
   \              0x........   
   \   0000005C   0x........         DC32 EXTI1_IRQHandler, EXTI2_IRQHandler, EXTI3_IRQHandler
   \              0x........   
   \              0x........   
   \   00000068   0x........         DC32 EXTI4_IRQHandler, DMA1_Channel1_IRQHandler
   \              0x........   
   \   00000070   0x........         DC32 DMA1_Channel2_IRQHandler, DMA1_Channel3_IRQHandler
   \              0x........   
   \   00000078   0x........         DC32 DMA1_Channel4_IRQHandler, DMA1_Channel5_IRQHandler
   \              0x........   
   \   00000080   0x........         DC32 DMA1_Channel6_IRQHandler, DMA1_Channel7_IRQHandler
   \              0x........   
   \   00000088   0x........         DC32 ADC1_2_IRQHandler, USB_HP_CAN_TX_IRQHandler
   \              0x........   
   \   00000090   0x........         DC32 USB_LP_CAN_RX0_IRQHandler, CAN_RX1_IRQHandler, CAN_SCE_IRQHandler
   \              0x........   
   \              0x........   
   \   0000009C   0x........         DC32 EXTI9_5_IRQHandler, TIM1_BRK_IRQHandler, TIM1_UP_IRQHandler
   \              0x........   
   \              0x........   
   \   000000A8   0x........         DC32 TIM1_TRG_COM_IRQHandler, TIM1_CC_IRQHandler, TIM2_IRQHandler
   \              0x........   
   \              0x........   
   \   000000B4   0x........         DC32 TIM3_IRQHandler, TIM4_IRQHandler, I2C1_EV_IRQHandler
   \              0x........   
   \              0x........   
   \   000000C0   0x........         DC32 I2C1_ER_IRQHandler, I2C2_EV_IRQHandler, I2C2_ER_IRQHandler
   \              0x........   
   \              0x........   
   \   000000CC   0x........         DC32 SPI1_IRQHandler, SPI2_IRQHandler, USART1_IRQHandler
   \              0x........   
   \              0x........   
   \   000000D8   0x........         DC32 USART2_IRQHandler, USART3_IRQHandler, EXTI15_10_IRQHandler
   \              0x........   
   \              0x........   
   \   000000E4   0x........         DC32 RTCAlarm_IRQHandler, USBWakeUp_IRQHandler, TIM8_BRK_IRQHandler
   \              0x........   
   \              0x........   
   \   000000F0   0x........         DC32 TIM8_UP_IRQHandler, TIM8_TRG_COM_IRQHandler, TIM8_CC_IRQHandler
   \              0x........   
   \              0x........   
   \   000000FC   0x........         DC32 ADC3_IRQHandler, FSMC_IRQHandler, SDIO_IRQHandler, TIM5_IRQHandler
   \              0x........   
   \              0x........   
   \              0x........   
   \   0000010C   0x........         DC32 SPI3_IRQHandler, UART4_IRQHandler, UART5_IRQHandler
   \              0x........   
   \              0x........   
   \   00000118   0x........         DC32 TIM6_IRQHandler, TIM7_IRQHandler, DMA2_Channel1_IRQHandler
   \              0x........   
   \              0x........   
   \   00000124   0x........         DC32 DMA2_Channel2_IRQHandler, DMA2_Channel3_IRQHandler
   \              0x........   
   \   0000012C   0x........         DC32 DMA2_Channel4_5_IRQHandler
     53          {
     54            { .__ptr = __sfe( "CSTACK" ) },
     55            __iar_program_start,
     56            NMIException,
     57            HardFaultException,
     58            MemManageException,
     59            BusFaultException,
     60            UsageFaultException,
     61            0, 0, 0, 0,            /* Reserved */ 
     62            SVCHandler,
     63            DebugMonitor,
     64            0,                      /* Reserved */
     65            PendSVC,
     66            SysTickHandler,
     67            WWDG_IRQHandler,
     68            PVD_IRQHandler,
     69            TAMPER_IRQHandler,
     70            RTC_IRQHandler,
     71            FLASH_IRQHandler,
     72            RCC_IRQHandler,
     73            EXTI0_IRQHandler,
     74            EXTI1_IRQHandler,
     75            EXTI2_IRQHandler,
     76            EXTI3_IRQHandler,
     77            EXTI4_IRQHandler,
     78            DMA1_Channel1_IRQHandler,
     79            DMA1_Channel2_IRQHandler,
     80            DMA1_Channel3_IRQHandler,
     81            DMA1_Channel4_IRQHandler,
     82            DMA1_Channel5_IRQHandler,
     83            DMA1_Channel6_IRQHandler,
     84            DMA1_Channel7_IRQHandler,
     85            ADC1_2_IRQHandler,
     86            USB_HP_CAN_TX_IRQHandler,
     87            USB_LP_CAN_RX0_IRQHandler,
     88            CAN_RX1_IRQHandler,
     89            CAN_SCE_IRQHandler,
     90            EXTI9_5_IRQHandler,
     91            TIM1_BRK_IRQHandler,
     92            TIM1_UP_IRQHandler,
     93            TIM1_TRG_COM_IRQHandler,
     94            TIM1_CC_IRQHandler,
     95            TIM2_IRQHandler,
     96            TIM3_IRQHandler,
     97            TIM4_IRQHandler,
     98            I2C1_EV_IRQHandler,
     99            I2C1_ER_IRQHandler,
    100            I2C2_EV_IRQHandler,
    101            I2C2_ER_IRQHandler,
    102            SPI1_IRQHandler,
    103            SPI2_IRQHandler,
    104            USART1_IRQHandler,
    105            USART2_IRQHandler,
    106            USART3_IRQHandler,
    107            EXTI15_10_IRQHandler,
    108            RTCAlarm_IRQHandler,
    109            USBWakeUp_IRQHandler,
    110            TIM8_BRK_IRQHandler,
    111            TIM8_UP_IRQHandler,
    112            TIM8_TRG_COM_IRQHandler,
    113            TIM8_CC_IRQHandler,
    114            ADC3_IRQHandler,
    115            FSMC_IRQHandler,
    116            SDIO_IRQHandler,
    117            TIM5_IRQHandler,
    118            SPI3_IRQHandler,
    119            UART4_IRQHandler,
    120            UART5_IRQHandler,
    121            TIM6_IRQHandler,
    122            TIM7_IRQHandler,
    123            DMA2_Channel1_IRQHandler,
    124            DMA2_Channel2_IRQHandler,
    125            DMA2_Channel3_IRQHandler,
    126            DMA2_Channel4_5_IRQHandler,
    127          };
    128          
    129          #ifdef DATA_IN_ExtSRAM
    130          #pragma language=extended
    131          
    132          __interwork int __low_level_init(void);
    133          
    134          #pragma location="ICODE"
    135          __interwork int __low_level_init(void)
    136          {
    137             
    138          /* FSMC Bank1 NOR/SRAM3 is used for the STM3210E-EVAL, if another Bank is 
    139            required, then adjust the Register Addresses*/
    140          
    141            /* Enable FSMC clock */
    142            *(vu32 *)0x40021014 = 0x00000114;
    143            
    144            /* Enable GPIOD, GPIOE, GPIOF and GPIOG clocks */  
    145            *(vu32 *)0x40021018 = 0x000001E0;
    146            
    147          /* ---------------  SRAM Data lines, NOE and NWE configuration ---------------*/
    148          /*----------------  SRAM Address lines configuration -------------------------*/
    149          /*----------------  NOE and NWE configuration --------------------------------*/  
    150          /*----------------  NE3 configuration ----------------------------------------*/
    151          /*----------------  NBL0, NBL1 configuration ---------------------------------*/
    152            
    153            *(vu32 *)0x40011400 = 0x44BB44BB;
    154            *(vu32 *)0x40011404 = 0xBBBBBBBB;
    155            
    156            *(vu32 *)0x40011800 = 0xB44444BB;
    157            *(vu32 *)0x40011804 = 0xBBBBBBBB;
    158             
    159            *(vu32 *)0x40011C00 = 0x44BBBBBB;
    160            *(vu32 *)0x40011C04 = 0xBBBB4444;  
    161          
    162            *(vu32 *)0x40012000 = 0x44BBBBBB;
    163            *(vu32 *)0x40012004 = 0x44444B44;
    164            
    165          /*----------------  FSMC Configuration ---------------------------------------*/  
    166          /*----------------  Enable FSMC Bank1_SRAM Bank ------------------------------*/
    167            
    168            *(vu32 *)0xA0000010 = 0x00001011;
    169            *(vu32 *)0xA0000014 = 0x00000200;
    170            
    171          
    172            return (1);
    173          }
    174          #endif /*DATA_IN_ExtSRAM*/
    175          
    176          /******************* (C) COPYRIGHT 2008 STMicroelectronics *****END OF FILE****/
    177          
    178          


   Section sizes:

   Bytes  Function/Label
   -----  --------------
     304  __vector_table

 
 304 bytes in section .intvec
 
 304 bytes of CONST memory

Errors: none
Warnings: none
